[00:11:06] [ServerMain/INFO]: [bootstrap] Running Java 21 (OpenJDK 64-Bit Server VM 21.0.9+10-Ubuntu-124.04; Ubuntu null) on Linux 6.8.0-1030-azure (amd64)
[00:11:06] [ServerMain/INFO]: [bootstrap] Loading Paper 1.21.8-6-main@782ce95 (2025-07-18T20:26:58Z) for Minecraft 1.21.8
[00:11:06] [ServerMain/INFO]: [PluginInitializerManager] Initializing plugins...
[00:11:07] [Paper Plugin Remapper Thread - 0/INFO]: [PluginRemapper] Remapping plugin 'plugins/SkinsRestorer.jar'...
[00:11:10] [Paper Plugin Remapper Thread - 0/INFO]: [PluginRemapper] Done remapping plugin 'plugins/SkinsRestorer.jar' in 2857ms.
[00:11:10] [ServerMain/INFO]: [PluginInitializerManager] Initialized 3 plugins
[00:11:10] [ServerMain/INFO]: [PluginInitializerManager] Bukkit plugins (3):
 - ClearLag (3.2.2), Fahare (1.2.1), SkinsRestorer (15.9.3)
[00:11:15] [ServerMain/INFO]: Environment: Environment[sessionHost=https://sessionserver.mojang.com, servicesHost=https://api.minecraftservices.com, name=PROD]
[00:11:17] [ServerMain/INFO]: Loaded 1407 recipes
[00:11:17] [ServerMain/INFO]: Loaded 1520 advancements
[00:11:17] [ServerMain/INFO]: [ca.spottedleaf.dataconverter.minecraft.datatypes.MCTypeRegistry] Initialising converters for DataConverter...
[00:11:17] [ServerMain/INFO]: [ca.spottedleaf.dataconverter.minecraft.datatypes.MCTypeRegistry] Finished initialising converters for DataConverter in 458.3ms
[00:11:17] [Server thread/INFO]: Starting minecraft server version 1.21.8
[00:11:17] [Server thread/INFO]: Loading properties
[00:11:17] [Server thread/INFO]: This server is running Paper version 1.21.8-6-main@782ce95 (2025-07-18T20:26:58Z) (Implementing API version 1.21.8-R0.1-SNAPSHOT)
[00:11:17] [Server thread/INFO]: [spark] This server bundles the spark profiler. For more information please visit https://docs.papermc.io/paper/profiling
[00:11:17] [Server thread/INFO]: Server Ping Player Sample Count: 12
[00:11:17] [Server thread/INFO]: Using 4 threads for Netty based IO
[00:11:19] [Server thread/INFO]: [MoonriseCommon] Paper is using 1 worker threads, 1 I/O threads
[00:11:19] [Server thread/INFO]: [ChunkTaskScheduler] Chunk system is using population gen parallelism: true
[00:11:19] [Server thread/INFO]: Default game type: SURVIVAL
[00:11:19] [Server thread/INFO]: Generating keypair
[00:11:19] [Server thread/INFO]: Starting Minecraft server on *:25565
[00:11:19] [Server thread/INFO]: Using epoll channel type
[00:11:19] [Server thread/INFO]: Paper: Using libdeflate (Linux x86_64) compression from Velocity.
[00:11:19] [Server thread/INFO]: Paper: Using OpenSSL 3.x.x (Linux x86_64) cipher from Velocity.
[00:11:20] [Server thread/INFO]: [SkinsRestorer] Loading server plugin SkinsRestorer v15.9.3
[00:11:20] [Server thread/INFO]: [Fahare] Loading server plugin Fahare v1.2.1
[00:11:20] [Server thread/INFO]: [ClearLag] Loading server plugin ClearLag v3.2.2
[00:11:20] [Server thread/INFO]: Server permissions file permissions.yml is empty, ignoring it
[00:11:20] [Server thread/INFO]: [SkinsRestorer] Enabling SkinsRestorer v15.9.3
[00:11:21] [Server thread/INFO]: [SkinsRestorer] Running on Minecraft 1.21.8.
[00:11:21] [Server thread/INFO]: [SkinsRestorer] Using paper join listener!
[00:11:21] [Server thread/WARN]: **** SERVER IS RUNNING IN OFFLINE/INSECURE MODE!
[00:11:21] [Server thread/WARN]: The server will make no attempt to authenticate usernames. Beware.
[00:11:21] [Server thread/WARN]: While this makes the game possible to play without internet access, it also opens up the ability for hackers to connect with any username they choose.
[00:11:21] [Server thread/WARN]: To change this, set "online-mode" to "true" in the server.properties file.
[00:11:21] [Server thread/INFO]: Preparing level "world"
[00:11:21] [Folia Async Scheduler Thread #1/INFO]: [SkinsRestorer] ----------------------------------------------
[00:11:21] [Folia Async Scheduler Thread #1/INFO]: [SkinsRestorer]     +==================+
[00:11:21] [Folia Async Scheduler Thread #1/INFO]: [SkinsRestorer]     |   SkinsRestorer  |
[00:11:21] [Folia Async Scheduler Thread #1/INFO]: [SkinsRestorer]     |------------------|
[00:11:21] [Folia Async Scheduler Thread #1/INFO]: [SkinsRestorer]     |  Standalone Mode |
[00:11:21] [Folia Async Scheduler Thread #1/INFO]: [SkinsRestorer]     +==================+
[00:11:21] [Folia Async Scheduler Thread #1/INFO]: [SkinsRestorer] ----------------------------------------------
[00:11:21] [Folia Async Scheduler Thread #1/INFO]: [SkinsRestorer]     Version: 15.9.3
[00:11:21] [Folia Async Scheduler Thread #1/INFO]: [SkinsRestorer]     Commit: 989bf18
[00:11:21] [Folia Async Scheduler Thread #1/INFO]: [SkinsRestorer]     This is the latest version!
[00:11:21] [Folia Async Scheduler Thread #1/INFO]: [SkinsRestorer] ----------------------------------------------
[00:11:21] [Folia Async Scheduler Thread #1/INFO]: [SkinsRestorer] Do you have issues? Read our troubleshooting guide: https://skinsrestorer.net/docs/troubleshooting
[00:11:21] [Folia Async Scheduler Thread #1/INFO]: [SkinsRestorer] Want to support SkinsRestorer? Consider donating: https://skinsrestorer.net/donate
[00:11:22] [Server thread/INFO]: Preparing start region for dimension minecraft:overworld
[00:11:22] [Server thread/INFO]: Preparing spawn area: 0%
[00:11:22] [Server thread/INFO]: Preparing spawn area: 2%
[00:11:23] [Server thread/INFO]: Preparing spawn area: 32%
[00:11:23] [Server thread/INFO]: Time elapsed: 1430 ms
[00:11:23] [Server thread/INFO]: Preparing start region for dimension minecraft:the_nether
[00:11:23] [Server thread/INFO]: Preparing spawn area: 0%
[00:11:24] [Server thread/INFO]: Time elapsed: 404 ms
[00:11:24] [Server thread/INFO]: Preparing start region for dimension minecraft:the_end
[00:11:24] [Server thread/INFO]: Preparing spawn area: 0%
[00:11:24] [Server thread/INFO]: Time elapsed: 195 ms
[00:11:24] [Server thread/INFO]: [Fahare] Enabling Fahare v1.2.1
[00:11:24] [Server thread/INFO]: Preparing start region for dimension fahare:limbo
[00:11:24] [Server thread/INFO]: Preparing spawn area: 0%
[00:11:24] [Server thread/INFO]: Time elapsed: 229 ms
[00:11:24] [Server thread/INFO]: Preparing start region for dimension fahare:overworld
[00:11:25] [Server thread/INFO]: Preparing spawn area: 0%
[00:11:25] [Server thread/INFO]: Time elapsed: 448 ms
[00:11:25] [Server thread/INFO]: [ClearLag] Enabling ClearLag v3.2.2
[00:11:25] [Server thread/INFO]: [ClearLag] Using version-adapter: LatestVersionAdapter
[00:11:25] [Server thread/INFO]: [ClearLag] Loading modules...
[00:11:25] [Server thread/WARN]: [ClearLag] Clearlag failed to use the internal TPS tracker during initialization. Reverted to estimation... (Index 3 out of bounds for length 3)
[00:11:25] [Server thread/INFO]: [ClearLag] Modules enabed, loading config values
[00:11:25] [Server thread/INFO]: [ClearLag] Modules have been loaded!
[00:11:25] [Thread-10/WARN]: [ClearLag] Clearlag failed to check for updates - bukkit may be down
[00:11:25] [Thread-10/WARN]: java.lang.ArrayIndexOutOfBoundsException: Index 3 out of bounds for length 3
[00:11:25] [Thread-10/WARN]: 	at Clearlag.jar//me.minebuilders.clearlag.Util.getBukkitVersion(Util.java:105)
[00:11:25] [Thread-10/WARN]: 	at Clearlag.jar//me.minebuilders.clearlag.BukkitUpdater.updateAvailable(BukkitUpdater.java:32)
[00:11:25] [Thread-10/WARN]: 	at Clearlag.jar//me.minebuilders.clearlag.BukkitUpdater.run(BukkitUpdater.java:82)
[00:11:25] [Thread-10/WARN]: 	at java.base/java.lang.Thread.run(Thread.java:1583)
[00:11:25] [Server thread/INFO]: [ClearLag] Clearlag is now enabled!
[00:11:25] [Server thread/INFO]: [spark] Starting background profiler...
[00:11:26] [Server thread/INFO]: Done preparing level "world" (4.791s)
[00:11:26] [Server thread/INFO]: Running delayed init tasks
[00:11:26] [Server thread/INFO]: Done (22.072s)! For help, type "help"
[00:11:38] [User Authenticator #0/INFO]: UUID of player LT2202 is 7062ef48-b6bb-3ba0-83da-a523385f016a
[00:11:38] [Server thread/INFO]: [HorriblePlayerLoginEventHack] You have plugins listening to the PlayerLoginEvent, this will cause re-configuration APIs to be unavailable: [Fahare]
[00:11:39] [Server thread/INFO]: LT2202 joined the game
[00:11:39] [Server thread/INFO]: LT2202[/127.124.39.251:58089] logged in with entity id 58 at ([overworld]294.7189079157767, 69.0, 289.8416446956726)
[00:11:44] [User Authenticator #0/INFO]: UUID of player Nyehtz is 56c5e53b-7d52-3ed5-adcf-36baeabb5062
[00:11:45] [Server thread/INFO]: Nyehtz joined the game
[00:11:45] [Server thread/INFO]: Nyehtz[/127.32.6.114:53469] logged in with entity id 233 at ([overworld]270.85142658971097, 68.0, 431.2888009901783)
[00:20:31] [Async Chat Thread - #0/INFO]: [Not Secure] <Nyehtz> zzzz
[00:20:32] [Async Chat Thread - #0/INFO]: [Not Secure] <Nyehtz> z
[00:20:32] [Async Chat Thread - #0/INFO]: [Not Secure] <Nyehtz> z
[00:20:32] [Async Chat Thread - #0/INFO]: [Not Secure] <Nyehtz> z
[00:20:32] [Async Chat Thread - #0/INFO]: [Not Secure] <Nyehtz> z
[00:20:32] [Async Chat Thread - #0/INFO]: [Not Secure] <Nyehtz> z
[00:20:32] [Async Chat Thread - #0/INFO]: [Not Secure] <Nyehtz> z
[00:20:32] [Async Chat Thread - #0/INFO]: [Not Secure] <Nyehtz> z
[00:20:35] [Async Chat Thread - #1/INFO]: [Not Secure] <Nyehtz> :v
[00:20:36] [Async Chat Thread - #1/INFO]: [Not Secure] <Nyehtz> :v:v:v
[00:20:37] [Async Chat Thread - #0/INFO]: [Not Secure] <Nyehtz> dea
[00:20:40] [Async Chat Thread - #0/INFO]: [Not Secure] <Nyehtz> when haces tus mosmos
[00:20:42] [Async Chat Thread - #0/INFO]: [Not Secure] <Nyehtz> en la cama
[00:20:44] [Async Chat Thread - #0/INFO]: [Not Secure] <Nyehtz> :o
[00:20:47] [Async Chat Thread - #0/INFO]: [Not Secure] <Nyehtz> unu
[01:02:49] [Server thread/INFO]: LT2202 has made the advancement [Cover Me with Diamonds]
[01:04:49] [Server thread/INFO]: Nyehtz has made the advancement [Enchanter]
[01:05:23] [Server thread/INFO]: LT2202 has made the advancement [Enchanter]
[01:11:20] [Async Chat Thread - #2/INFO]: [Not Secure] <Nyehtz> zz
[01:11:20] [Async Chat Thread - #2/INFO]: [Not Secure] <Nyehtz> z
[01:11:21] [Async Chat Thread - #2/INFO]: [Not Secure] <Nyehtz> z
[01:11:21] [Async Chat Thread - #2/INFO]: [Not Secure] <Nyehtz> z
[01:11:21] [Async Chat Thread - #2/INFO]: [Not Secure] <Nyehtz> z
[01:11:21] [Async Chat Thread - #2/INFO]: [Not Secure] <Nyehtz> z
[01:24:07] [Async Chat Thread - #4/INFO]: [Not Secure] <Nyehtz> zzz
[01:24:07] [Async Chat Thread - #4/INFO]: [Not Secure] <Nyehtz> z
[01:24:07] [Async Chat Thread - #5/INFO]: [Not Secure] <Nyehtz> z
[01:24:07] [Async Chat Thread - #5/INFO]: [Not Secure] <Nyehtz> z
[01:24:07] [Async Chat Thread - #4/INFO]: [Not Secure] <Nyehtz> z
[01:24:08] [Async Chat Thread - #4/INFO]: [Not Secure] <Nyehtz> z
[01:24:08] [Async Chat Thread - #4/INFO]: [Not Secure] <Nyehtz> z
[01:24:08] [Async Chat Thread - #5/INFO]: [Not Secure] <Nyehtz> z
[01:24:08] [Async Chat Thread - #5/INFO]: [Not Secure] <Nyehtz> z
[01:24:37] [Server thread/INFO]: Nyehtz has made the advancement [Cover Me with Diamonds]
[01:35:35] [Server thread/INFO]: LT2202 has made the advancement [Who is Cutting Onions?]
[01:36:42] [Server thread/INFO]: Nyehtz has made the advancement [Who is Cutting Onions?]
[01:52:21] [Server thread/INFO]: Nyehtz was kicked due to keepalive timeout!
[01:52:21] [Server thread/INFO]: Nyehtz lost connection: Timed out
[01:52:22] [Server thread/INFO]: Nyehtz left the game
[01:52:28] [User Authenticator #1/INFO]: UUID of player Nyehtz is 56c5e53b-7d52-3ed5-adcf-36baeabb5062
[01:52:29] [Server thread/INFO]: Nyehtz joined the game
[01:52:29] [Server thread/INFO]: Nyehtz[/127.32.6.114:34535] logged in with entity id 18643 at ([world_nether]321.7853497981899, 32.600000047683714, 616.416018673746)
[02:00:48] [Server thread/INFO]: Nyehtz has made the advancement [Spooky Scary Skeleton]
[02:42:23] [Server thread/WARN]: Can't keep up! Is the server overloaded? Running 2834ms or 56 ticks behind
[02:45:30] [Server thread/INFO]: Villager Villager['Villager'/29821, uuid='c9ede14c-b349-41e6-8b17-ecded2b68a97', l='ServerLevel[overworld]', x=-501.37, y=66.00, z=3955.28, cpos=[-32, 247], tl=191, v=true] died, message: 'Villager suffocated in a wall'
[02:47:18] [Server thread/INFO]: Nyehtz has made the advancement [Stay Hydrated!]
[02:54:32] [Async Chat Thread - #6/INFO]: [Not Secure] <Nyehtz> zzz
[02:54:32] [Async Chat Thread - #6/INFO]: [Not Secure] <Nyehtz> z
[02:54:32] [Async Chat Thread - #6/INFO]: [Not Secure] <Nyehtz> z
[02:54:32] [Async Chat Thread - #6/INFO]: [Not Secure] <Nyehtz> z
[02:54:32] [Async Chat Thread - #6/INFO]: [Not Secure] <Nyehtz> z
[03:04:20] [Server thread/WARN]: LT2202 moved too quickly! 16.87925784312455,0.9591554195122001,-8.810478845549824
[03:21:54] [Server thread/INFO]: Villager Villager['Farmer'/56319, uuid='cfd961b5-fbb5-4b20-9be6-2e5b822d3a94', l='ServerLevel[overworld]', x=4882.95, y=85.11, z=5175.23, cpos=[305, 323], tl=2127, v=true] died, message: 'Farmer was slain by Zombie'
[03:22:13] [Server thread/INFO]: Teleported LT2202 to Nyehtz
[03:25:36] [Async Chat Thread - #8/INFO]: [Not Secure] <Nyehtz> zzzz
[03:25:36] [Async Chat Thread - #8/INFO]: [Not Secure] <Nyehtz> z
[03:31:11] [Server thread/INFO]: Nyehtz has made the advancement [What a Deal!]
[03:37:04] [Async Chat Thread - #10/INFO]: [Not Secure] <Nyehtz> zzz
[03:37:04] [Async Chat Thread - #10/INFO]: [Not Secure] <Nyehtz> z
[03:37:04] [Async Chat Thread - #10/INFO]: [Not Secure] <Nyehtz> z
[03:37:04] [Async Chat Thread - #10/INFO]: [Not Secure] <Nyehtz> z
[03:37:05] [Async Chat Thread - #10/INFO]: [Not Secure] <Nyehtz> z
[03:37:05] [Async Chat Thread - #10/INFO]: [Not Secure] <Nyehtz> z
[03:37:05] [Async Chat Thread - #10/INFO]: [Not Secure] <Nyehtz> z
[03:39:59] [Server thread/INFO]: LT2202 has made the advancement [Stay Hydrated!]
[03:41:15] [Server thread/INFO]: LT2202 has made the advancement [What a Deal!]
[04:00:01] [Async Chat Thread - #12/INFO]: [Not Secure] <Nyehtz> zzzz
[04:00:02] [Async Chat Thread - #12/INFO]: [Not Secure] <Nyehtz> z
[04:00:02] [Async Chat Thread - #12/INFO]: [Not Secure] <Nyehtz> z
[04:11:12] [Async Chat Thread - #14/INFO]: [Not Secure] <Nyehtz> zzzzz
[04:22:16] [Async Chat Thread - #16/INFO]: [Not Secure] <Nyehtz> zzzzzz
[04:22:23] [Async Chat Thread - #16/INFO]: [Not Secure] <Nyehtz> zzzz
[04:34:32] [Async Chat Thread - #18/INFO]: [Not Secure] <Nyehtz> zzzzz
[04:36:18] [Server thread/INFO]: LT2202 has made the advancement [Eye Spy]
[04:36:58] [Server thread/INFO]: Nyehtz has made the advancement [Eye Spy]
[04:42:34] [Server thread/INFO]: Nyehtz has made the advancement [The End?]
[04:42:36] [Server thread/INFO]: LT2202 has made the advancement [The End?]
[04:42:36] [Server thread/INFO]: Scanning for legacy world dragon fight...
[04:42:36] [Server thread/INFO]: Found that the dragon has not yet been killed in this world.
[04:42:59] [Server thread/INFO]: LT2202 lost connection: Disconnected
[04:42:59] [Server thread/INFO]: LT2202 left the game
[04:43:41] [User Authenticator #2/INFO]: UUID of player LT2202 is 7062ef48-b6bb-3ba0-83da-a523385f016a
[04:43:42] [Server thread/INFO]: LT2202 joined the game
[04:43:42] [Server thread/INFO]: LT2202[/127.124.39.251:36781] logged in with entity id 72982 at ([world_the_end]93.39391295600309, 54.00099642867405, 0.30000001192092896)
